{"C:\\Users\\alexsander\\Music\\api\\src\\app.ts": {"path":"C:\\Users\\alexsander\\Music\\api\\src\\app.ts","statementMap":{"0":{"start":{"line":1,"column":0},"end":{"line":1,"column":30}},"1":{"start":{"line":2,"column":0},"end":{"line":2,"column":24}},"2":{"start":{"line":3,"column":0},"end":{"line":3,"column":23}},"3":{"start":{"line":4,"column":0},"end":{"line":4,"column":7}},"4":{"start":{"line":35,"column":9},"end":{"line":4,"column":30}},"5":{"start":{"line":6,"column":0},"end":{"line":6,"column":45}},"6":{"start":{"line":7,"column":0},"end":{"line":7,"column":45}},"7":{"start":{"line":8,"column":0},"end":{"line":8,"column":57}},"8":{"start":{"line":9,"column":0},"end":{"line":9,"column":47}},"9":{"start":{"line":10,"column":0},"end":{"line":10,"column":45}},"10":{"start":{"line":11,"column":0},"end":{"line":11,"column":58}},"11":{"start":{"line":13,"column":12},"end":{"line":13,"column":21}},"12":{"start":{"line":16,"column":0},"end":{"line":16,"column":16}},"13":{"start":{"line":17,"column":0},"end":{"line":17,"column":24}},"14":{"start":{"line":20,"column":0},"end":{"line":20,"column":29}},"15":{"start":{"line":21,"column":0},"end":{"line":21,"column":30}},"16":{"start":{"line":22,"column":0},"end":{"line":22,"column":32}},"17":{"start":{"line":23,"column":0},"end":{"line":23,"column":42}},"18":{"start":{"line":24,"column":0},"end":{"line":24,"column":29}},"19":{"start":{"line":27,"column":0},"end":{"line":27,"column":22}},"20":{"start":{"line":30,"column":0},"end":{"line":32,"column":3}},"21":{"start":{"line":31,"column":2},"end":{"line":31,"column":30}},"22":{"start":{"line":36,"column":0},"end":{"line":36,"column":19}}},"fnMap":{"0":{"name":"(anonymous_1)","decl":{"start":{"line":30,"column":13},"end":{"line":30,"column":14}},"loc":{"start":{"line":30,"column":26},"end":{"line":32,"column":1}}}},"branchMap":{},"s":{"0":5,"1":5,"2":5,"3":5,"4":5,"5":5,"6":5,"7":5,"8":5,"9":5,"10":5,"11":5,"12":5,"13":5,"14":5,"15":5,"16":5,"17":5,"18":5,"19":5,"20":5,"21":0,"22":5},"f":{"0":0},"b":{}}
,"C:\\Users\\alexsander\\Music\\api\\src\\prisma.ts": {"path":"C:\\Users\\alexsander\\Music\\api\\src\\prisma.ts","statementMap":{"0":{"start":{"line":1,"column":0},"end":{"line":1,"column":46}},"1":{"start":{"line":3,"column":15},"end":{"line":3,"column":33}},"2":{"start":{"line":5,"column":0},"end":{"line":5,"column":22}}},"fnMap":{},"branchMap":{},"s":{"0":5,"1":5,"2":5},"f":{},"b":{}}
,"C:\\Users\\alexsander\\Music\\api\\src\\controllers\\authController.ts": {"path":"C:\\Users\\alexsander\\Music\\api\\src\\controllers\\authController.ts","statementMap":{"0":{"start":{"line":2,"column":0},"end":{"line":2,"column":54}},"1":{"start":{"line":3,"column":0},"end":{"line":3,"column":31}},"2":{"start":{"line":4,"column":0},"end":{"line":4,"column":73}},"3":{"start":{"line":6,"column":13},"end":{"line":102,"column":2}},"4":{"start":{"line":39,"column":4},"end":{"line":52,"column":5}},"5":{"start":{"line":40,"column":46},"end":{"line":40,"column":76}},"6":{"start":{"line":41,"column":30},"end":{"line":41,"column":85}},"7":{"start":{"line":42,"column":6},"end":{"line":42,"column":44}},"8":{"start":{"line":44,"column":6},"end":{"line":46,"column":7}},"9":{"start":{"line":45,"column":8},"end":{"line":45,"column":91}},"10":{"start":{"line":47,"column":6},"end":{"line":49,"column":7}},"11":{"start":{"line":48,"column":8},"end":{"line":48,"column":64}},"12":{"start":{"line":50,"column":6},"end":{"line":50,"column":57}},"13":{"start":{"line":51,"column":6},"end":{"line":51,"column":65}},"14":{"start":{"line":87,"column":4},"end":{"line":100,"column":5}},"15":{"start":{"line":88,"column":34},"end":{"line":88,"column":61}},"16":{"start":{"line":89,"column":30},"end":{"line":89,"column":70}},"17":{"start":{"line":90,"column":6},"end":{"line":90,"column":44}},"18":{"start":{"line":92,"column":6},"end":{"line":94,"column":7}},"19":{"start":{"line":93,"column":8},"end":{"line":93,"column":91}},"20":{"start":{"line":95,"column":6},"end":{"line":97,"column":7}},"21":{"start":{"line":96,"column":8},"end":{"line":96,"column":64}},"22":{"start":{"line":98,"column":6},"end":{"line":98,"column":50}},"23":{"start":{"line":99,"column":6},"end":{"line":99,"column":65}}},"fnMap":{"0":{"name":"(anonymous_0)","decl":{"start":{"line":38,"column":12},"end":{"line":38,"column":17}},"loc":{"start":{"line":38,"column":50},"end":{"line":53,"column":3}}},"1":{"name":"(anonymous_1)","decl":{"start":{"line":86,"column":9},"end":{"line":86,"column":14}},"loc":{"start":{"line":86,"column":47},"end":{"line":101,"column":3}}}},"branchMap":{"0":{"loc":{"start":{"line":44,"column":6},"end":{"line":46,"column":7}},"type":"if","locations":[{"start":{"line":44,"column":6},"end":{"line":46,"column":7}},{"start":{},"end":{}}]},"1":{"loc":{"start":{"line":47,"column":6},"end":{"line":49,"column":7}},"type":"if","locations":[{"start":{"line":47,"column":6},"end":{"line":49,"column":7}},{"start":{},"end":{}}]},"2":{"loc":{"start":{"line":47,"column":10},"end":{"line":47,"column":97}},"type":"binary-expr","locations":[{"start":{"line":47,"column":10},"end":{"line":47,"column":32}},{"start":{"line":47,"column":36},"end":{"line":47,"column":97}}]},"3":{"loc":{"start":{"line":92,"column":6},"end":{"line":94,"column":7}},"type":"if","locations":[{"start":{"line":92,"column":6},"end":{"line":94,"column":7}},{"start":{},"end":{}}]},"4":{"loc":{"start":{"line":95,"column":6},"end":{"line":97,"column":7}},"type":"if","locations":[{"start":{"line":95,"column":6},"end":{"line":97,"column":7}},{"start":{},"end":{}}]},"5":{"loc":{"start":{"line":95,"column":10},"end":{"line":95,"column":81}},"type":"binary-expr","locations":[{"start":{"line":95,"column":10},"end":{"line":95,"column":32}},{"start":{"line":95,"column":36},"end":{"line":95,"column":81}}]}},"s":{"0":5,"1":5,"2":5,"3":5,"4":18,"5":18,"6":18,"7":17,"8":1,"9":0,"10":1,"11":1,"12":0,"13":0,"14":2,"15":2,"16":2,"17":1,"18":1,"19":0,"20":1,"21":1,"22":0,"23":0},"f":{"0":18,"1":2},"b":{"0":[0,1],"1":[1,0],"2":[1,1],"3":[0,1],"4":[1,0],"5":[1,1]}}
,"C:\\Users\\alexsander\\Music\\api\\src\\controllers\\inspectionController.ts": {"path":"C:\\Users\\alexsander\\Music\\api\\src\\controllers\\inspectionController.ts","statementMap":{"0":{"start":{"line":2,"column":0},"end":{"line":2,"column":66}},"1":{"start":{"line":3,"column":0},"end":{"line":3,"column":31}},"2":{"start":{"line":4,"column":0},"end":{"line":4,"column":92}},"3":{"start":{"line":6,"column":13},"end":{"line":222,"column":2}},"4":{"start":{"line":36,"column":4},"end":{"line":46,"column":5}},"5":{"start":{"line":37,"column":29},"end":{"line":37,"column":67}},"6":{"start":{"line":38,"column":28},"end":{"line":38,"column":84}},"7":{"start":{"line":39,"column":6},"end":{"line":39,"column":42}},"8":{"start":{"line":41,"column":6},"end":{"line":43,"column":7}},"9":{"start":{"line":42,"column":8},"end":{"line":42,"column":91}},"10":{"start":{"line":44,"column":6},"end":{"line":44,"column":57}},"11":{"start":{"line":45,"column":6},"end":{"line":45,"column":65}},"12":{"start":{"line":72,"column":4},"end":{"line":78,"column":5}},"13":{"start":{"line":73,"column":26},"end":{"line":73,"column":69}},"14":{"start":{"line":74,"column":6},"end":{"line":74,"column":40}},"15":{"start":{"line":76,"column":6},"end":{"line":76,"column":58}},"16":{"start":{"line":77,"column":6},"end":{"line":77,"column":65}},"17":{"start":{"line":111,"column":4},"end":{"line":121,"column":5}},"18":{"start":{"line":112,"column":21},"end":{"line":112,"column":31}},"19":{"start":{"line":113,"column":25},"end":{"line":113,"column":78}},"20":{"start":{"line":114,"column":6},"end":{"line":116,"column":7}},"21":{"start":{"line":115,"column":8},"end":{"line":115,"column":73}},"22":{"start":{"line":117,"column":6},"end":{"line":117,"column":39}},"23":{"start":{"line":119,"column":6},"end":{"line":119,"column":63}},"24":{"start":{"line":120,"column":6},"end":{"line":120,"column":65}},"25":{"start":{"line":162,"column":4},"end":{"line":173,"column":5}},"26":{"start":{"line":163,"column":21},"end":{"line":163,"column":31}},"27":{"start":{"line":164,"column":29},"end":{"line":164,"column":67}},"28":{"start":{"line":165,"column":32},"end":{"line":165,"column":100}},"29":{"start":{"line":166,"column":6},"end":{"line":166,"column":46}},"30":{"start":{"line":168,"column":6},"end":{"line":170,"column":7}},"31":{"start":{"line":169,"column":8},"end":{"line":169,"column":91}},"32":{"start":{"line":171,"column":6},"end":{"line":171,"column":57}},"33":{"start":{"line":172,"column":6},"end":{"line":172,"column":65}},"34":{"start":{"line":210,"column":4},"end":{"line":220,"column":5}},"35":{"start":{"line":211,"column":21},"end":{"line":211,"column":31}},"36":{"start":{"line":212,"column":6},"end":{"line":212,"column":59}},"37":{"start":{"line":213,"column":6},"end":{"line":213,"column":75}},"38":{"start":{"line":215,"column":6},"end":{"line":217,"column":7}},"39":{"start":{"line":216,"column":8},"end":{"line":216,"column":73}},"40":{"start":{"line":218,"column":6},"end":{"line":218,"column":57}},"41":{"start":{"line":219,"column":6},"end":{"line":219,"column":65}}},"fnMap":{"0":{"name":"(anonymous_0)","decl":{"start":{"line":35,"column":20},"end":{"line":35,"column":25}},"loc":{"start":{"line":35,"column":58},"end":{"line":47,"column":3}}},"1":{"name":"(anonymous_1)","decl":{"start":{"line":71,"column":21},"end":{"line":71,"column":26}},"loc":{"start":{"line":71,"column":59},"end":{"line":79,"column":3}}},"2":{"name":"(anonymous_2)","decl":{"start":{"line":110,"column":21},"end":{"line":110,"column":26}},"loc":{"start":{"line":110,"column":59},"end":{"line":122,"column":3}}},"3":{"name":"(anonymous_3)","decl":{"start":{"line":161,"column":20},"end":{"line":161,"column":25}},"loc":{"start":{"line":161,"column":58},"end":{"line":174,"column":3}}},"4":{"name":"(anonymous_4)","decl":{"start":{"line":209,"column":20},"end":{"line":209,"column":25}},"loc":{"start":{"line":209,"column":58},"end":{"line":221,"column":3}}}},"branchMap":{"0":{"loc":{"start":{"line":41,"column":6},"end":{"line":43,"column":7}},"type":"if","locations":[{"start":{"line":41,"column":6},"end":{"line":43,"column":7}},{"start":{},"end":{}}]},"1":{"loc":{"start":{"line":114,"column":6},"end":{"line":116,"column":7}},"type":"if","locations":[{"start":{"line":114,"column":6},"end":{"line":116,"column":7}},{"start":{},"end":{}}]},"2":{"loc":{"start":{"line":168,"column":6},"end":{"line":170,"column":7}},"type":"if","locations":[{"start":{"line":168,"column":6},"end":{"line":170,"column":7}},{"start":{},"end":{}}]},"3":{"loc":{"start":{"line":215,"column":6},"end":{"line":217,"column":7}},"type":"if","locations":[{"start":{"line":215,"column":6},"end":{"line":217,"column":7}},{"start":{},"end":{}}]},"4":{"loc":{"start":{"line":215,"column":10},"end":{"line":215,"column":93}},"type":"binary-expr","locations":[{"start":{"line":215,"column":10},"end":{"line":215,"column":32}},{"start":{"line":215,"column":36},"end":{"line":215,"column":93}}]}},"s":{"0":5,"1":5,"2":5,"3":5,"4":13,"5":13,"6":13,"7":13,"8":0,"9":0,"10":0,"11":0,"12":1,"13":1,"14":1,"15":0,"16":0,"17":1,"18":1,"19":1,"20":1,"21":0,"22":1,"23":0,"24":0,"25":1,"26":1,"27":1,"28":1,"29":1,"30":0,"31":0,"32":0,"33":0,"34":1,"35":1,"36":1,"37":1,"38":0,"39":0,"40":0,"41":0},"f":{"0":13,"1":1,"2":1,"3":1,"4":1},"b":{"0":[0,0],"1":[0,1],"2":[0,0],"3":[0,0],"4":[0,0]}}
,"C:\\Users\\alexsander\\Music\\api\\src\\controllers\\photoController.ts": {"path":"C:\\Users\\alexsander\\Music\\api\\src\\controllers\\photoController.ts","statementMap":{"0":{"start":{"line":2,"column":0},"end":{"line":2,"column":56}},"1":{"start":{"line":3,"column":0},"end":{"line":3,"column":31}},"2":{"start":{"line":4,"column":0},"end":{"line":4,"column":60}},"3":{"start":{"line":7,"column":13},"end":{"line":147,"column":2}},"4":{"start":{"line":44,"column":4},"end":{"line":57,"column":5}},"5":{"start":{"line":45,"column":31},"end":{"line":45,"column":41}},"6":{"start":{"line":46,"column":24},"end":{"line":46,"column":54}},"7":{"start":{"line":47,"column":23},"end":{"line":47,"column":87}},"8":{"start":{"line":48,"column":6},"end":{"line":48,"column":37}},"9":{"start":{"line":50,"column":6},"end":{"line":52,"column":7}},"10":{"start":{"line":51,"column":8},"end":{"line":51,"column":91}},"11":{"start":{"line":53,"column":6},"end":{"line":55,"column":7}},"12":{"start":{"line":54,"column":8},"end":{"line":54,"column":73}},"13":{"start":{"line":56,"column":6},"end":{"line":56,"column":65}},"14":{"start":{"line":92,"column":4},"end":{"line":99,"column":5}},"15":{"start":{"line":93,"column":31},"end":{"line":93,"column":41}},"16":{"start":{"line":95,"column":21},"end":{"line":95,"column":85}},"17":{"start":{"line":96,"column":6},"end":{"line":96,"column":35}},"18":{"start":{"line":98,"column":6},"end":{"line":98,"column":65}},"19":{"start":{"line":136,"column":19},"end":{"line":136,"column":29}},"20":{"start":{"line":137,"column":4},"end":{"line":145,"column":5}},"21":{"start":{"line":138,"column":20},"end":{"line":138,"column":62}},"22":{"start":{"line":139,"column":6},"end":{"line":141,"column":7}},"23":{"start":{"line":140,"column":8},"end":{"line":140,"column":70}},"24":{"start":{"line":142,"column":6},"end":{"line":142,"column":69}},"25":{"start":{"line":144,"column":6},"end":{"line":144,"column":62}}},"fnMap":{"0":{"name":"(anonymous_0)","decl":{"start":{"line":43,"column":12},"end":{"line":43,"column":17}},"loc":{"start":{"line":43,"column":50},"end":{"line":58,"column":3}}},"1":{"name":"(anonymous_1)","decl":{"start":{"line":91,"column":27},"end":{"line":91,"column":32}},"loc":{"start":{"line":91,"column":65},"end":{"line":100,"column":3}}},"2":{"name":"(anonymous_2)","decl":{"start":{"line":135,"column":15},"end":{"line":135,"column":20}},"loc":{"start":{"line":135,"column":53},"end":{"line":146,"column":3}}}},"branchMap":{"0":{"loc":{"start":{"line":50,"column":6},"end":{"line":52,"column":7}},"type":"if","locations":[{"start":{"line":50,"column":6},"end":{"line":52,"column":7}},{"start":{},"end":{}}]},"1":{"loc":{"start":{"line":53,"column":6},"end":{"line":55,"column":7}},"type":"if","locations":[{"start":{"line":53,"column":6},"end":{"line":55,"column":7}},{"start":{},"end":{}}]},"2":{"loc":{"start":{"line":53,"column":10},"end":{"line":53,"column":94}},"type":"binary-expr","locations":[{"start":{"line":53,"column":10},"end":{"line":53,"column":32}},{"start":{"line":53,"column":36},"end":{"line":53,"column":94}}]},"3":{"loc":{"start":{"line":139,"column":6},"end":{"line":141,"column":7}},"type":"if","locations":[{"start":{"line":139,"column":6},"end":{"line":141,"column":7}},{"start":{},"end":{}}]}},"s":{"0":5,"1":5,"2":5,"3":5,"4":4,"5":4,"6":4,"7":4,"8":4,"9":0,"10":0,"11":0,"12":0,"13":0,"14":1,"15":1,"16":1,"17":1,"18":0,"19":0,"20":0,"21":0,"22":0,"23":0,"24":0,"25":0},"f":{"0":4,"1":1,"2":0},"b":{"0":[0,0],"1":[0,0],"2":[0,0],"3":[0,0]}}
,"C:\\Users\\alexsander\\Music\\api\\src\\controllers\\syncController.ts": {"path":"C:\\Users\\alexsander\\Music\\api\\src\\controllers\\syncController.ts","statementMap":{"0":{"start":{"line":2,"column":0},"end":{"line":2,"column":54}},"1":{"start":{"line":3,"column":0},"end":{"line":3,"column":31}},"2":{"start":{"line":4,"column":0},"end":{"line":4,"column":63}},"3":{"start":{"line":5,"column":0},"end":{"line":5,"column":31}},"4":{"start":{"line":7,"column":13},"end":{"line":81,"column":2}},"5":{"start":{"line":37,"column":4},"end":{"line":47,"column":5}},"6":{"start":{"line":38,"column":26},"end":{"line":38,"column":59}},"7":{"start":{"line":39,"column":21},"end":{"line":39,"column":60}},"8":{"start":{"line":40,"column":6},"end":{"line":40,"column":35}},"9":{"start":{"line":42,"column":6},"end":{"line":44,"column":7}},"10":{"start":{"line":43,"column":8},"end":{"line":43,"column":91}},"11":{"start":{"line":45,"column":6},"end":{"line":45,"column":60}},"12":{"start":{"line":46,"column":6},"end":{"line":46,"column":65}},"13":{"start":{"line":73,"column":4},"end":{"line":79,"column":5}},"14":{"start":{"line":74,"column":20},"end":{"line":74,"column":48}},"15":{"start":{"line":75,"column":6},"end":{"line":75,"column":95}},"16":{"start":{"line":77,"column":6},"end":{"line":77,"column":60}},"17":{"start":{"line":78,"column":6},"end":{"line":78,"column":70}}},"fnMap":{"0":{"name":"(anonymous_1)","decl":{"start":{"line":36,"column":12},"end":{"line":36,"column":17}},"loc":{"start":{"line":36,"column":50},"end":{"line":48,"column":3}}},"1":{"name":"(anonymous_2)","decl":{"start":{"line":72,"column":13},"end":{"line":72,"column":18}},"loc":{"start":{"line":72,"column":51},"end":{"line":80,"column":3}}}},"branchMap":{"0":{"loc":{"start":{"line":42,"column":6},"end":{"line":44,"column":7}},"type":"if","locations":[{"start":{"line":42,"column":6},"end":{"line":44,"column":7}},{"start":{},"end":{}}]}},"s":{"0":5,"1":5,"2":5,"3":5,"4":5,"5":3,"6":3,"7":2,"8":2,"9":1,"10":1,"11":0,"12":0,"13":0,"14":0,"15":0,"16":0,"17":0},"f":{"0":3,"1":0},"b":{"0":[1,0]}}
,"C:\\Users\\alexsander\\Music\\api\\src\\controllers\\userController.ts": {"path":"C:\\Users\\alexsander\\Music\\api\\src\\controllers\\userController.ts","statementMap":{"0":{"start":{"line":2,"column":0},"end":{"line":2,"column":54}},"1":{"start":{"line":3,"column":0},"end":{"line":3,"column":31}},"2":{"start":{"line":4,"column":0},"end":{"line":4,"column":80}},"3":{"start":{"line":6,"column":13},"end":{"line":221,"column":2}},"4":{"start":{"line":32,"column":4},"end":{"line":45,"column":5}},"5":{"start":{"line":33,"column":23},"end":{"line":33,"column":55}},"6":{"start":{"line":34,"column":22},"end":{"line":34,"column":60}},"7":{"start":{"line":35,"column":6},"end":{"line":35,"column":36}},"8":{"start":{"line":37,"column":6},"end":{"line":39,"column":7}},"9":{"start":{"line":38,"column":8},"end":{"line":38,"column":91}},"10":{"start":{"line":40,"column":6},"end":{"line":42,"column":7}},"11":{"start":{"line":41,"column":8},"end":{"line":41,"column":88}},"12":{"start":{"line":43,"column":6},"end":{"line":43,"column":51}},"13":{"start":{"line":44,"column":6},"end":{"line":44,"column":65}},"14":{"start":{"line":71,"column":4},"end":{"line":77,"column":5}},"15":{"start":{"line":72,"column":20},"end":{"line":72,"column":51}},"16":{"start":{"line":73,"column":6},"end":{"line":73,"column":34}},"17":{"start":{"line":75,"column":6},"end":{"line":75,"column":52}},"18":{"start":{"line":76,"column":6},"end":{"line":76,"column":65}},"19":{"start":{"line":110,"column":4},"end":{"line":120,"column":5}},"20":{"start":{"line":111,"column":21},"end":{"line":111,"column":31}},"21":{"start":{"line":112,"column":19},"end":{"line":112,"column":60}},"22":{"start":{"line":113,"column":6},"end":{"line":115,"column":7}},"23":{"start":{"line":114,"column":8},"end":{"line":114,"column":67}},"24":{"start":{"line":116,"column":6},"end":{"line":116,"column":33}},"25":{"start":{"line":118,"column":6},"end":{"line":118,"column":57}},"26":{"start":{"line":119,"column":6},"end":{"line":119,"column":65}},"27":{"start":{"line":161,"column":4},"end":{"line":172,"column":5}},"28":{"start":{"line":162,"column":21},"end":{"line":162,"column":31}},"29":{"start":{"line":163,"column":23},"end":{"line":163,"column":55}},"30":{"start":{"line":164,"column":26},"end":{"line":164,"column":76}},"31":{"start":{"line":165,"column":6},"end":{"line":165,"column":40}},"32":{"start":{"line":167,"column":6},"end":{"line":169,"column":7}},"33":{"start":{"line":168,"column":8},"end":{"line":168,"column":91}},"34":{"start":{"line":170,"column":6},"end":{"line":170,"column":51}},"35":{"start":{"line":171,"column":6},"end":{"line":171,"column":65}},"36":{"start":{"line":209,"column":4},"end":{"line":219,"column":5}},"37":{"start":{"line":210,"column":21},"end":{"line":210,"column":31}},"38":{"start":{"line":211,"column":6},"end":{"line":211,"column":47}},"39":{"start":{"line":212,"column":6},"end":{"line":212,"column":69}},"40":{"start":{"line":214,"column":6},"end":{"line":216,"column":7}},"41":{"start":{"line":215,"column":8},"end":{"line":215,"column":67}},"42":{"start":{"line":217,"column":6},"end":{"line":217,"column":51}},"43":{"start":{"line":218,"column":6},"end":{"line":218,"column":65}}},"fnMap":{"0":{"name":"(anonymous_0)","decl":{"start":{"line":31,"column":14},"end":{"line":31,"column":19}},"loc":{"start":{"line":31,"column":52},"end":{"line":46,"column":3}}},"1":{"name":"(anonymous_1)","decl":{"start":{"line":70,"column":15},"end":{"line":70,"column":20}},"loc":{"start":{"line":70,"column":53},"end":{"line":78,"column":3}}},"2":{"name":"(anonymous_2)","decl":{"start":{"line":109,"column":15},"end":{"line":109,"column":20}},"loc":{"start":{"line":109,"column":53},"end":{"line":121,"column":3}}},"3":{"name":"(anonymous_3)","decl":{"start":{"line":160,"column":14},"end":{"line":160,"column":19}},"loc":{"start":{"line":160,"column":52},"end":{"line":173,"column":3}}},"4":{"name":"(anonymous_4)","decl":{"start":{"line":208,"column":14},"end":{"line":208,"column":19}},"loc":{"start":{"line":208,"column":52},"end":{"line":220,"column":3}}}},"branchMap":{"0":{"loc":{"start":{"line":37,"column":6},"end":{"line":39,"column":7}},"type":"if","locations":[{"start":{"line":37,"column":6},"end":{"line":39,"column":7}},{"start":{},"end":{}}]},"1":{"loc":{"start":{"line":40,"column":6},"end":{"line":42,"column":7}},"type":"if","locations":[{"start":{"line":40,"column":6},"end":{"line":42,"column":7}},{"start":{},"end":{}}]},"2":{"loc":{"start":{"line":40,"column":10},"end":{"line":40,"column":97}},"type":"binary-expr","locations":[{"start":{"line":40,"column":10},"end":{"line":40,"column":32}},{"start":{"line":40,"column":36},"end":{"line":40,"column":97}}]},"3":{"loc":{"start":{"line":113,"column":6},"end":{"line":115,"column":7}},"type":"if","locations":[{"start":{"line":113,"column":6},"end":{"line":115,"column":7}},{"start":{},"end":{}}]},"4":{"loc":{"start":{"line":167,"column":6},"end":{"line":169,"column":7}},"type":"if","locations":[{"start":{"line":167,"column":6},"end":{"line":169,"column":7}},{"start":{},"end":{}}]},"5":{"loc":{"start":{"line":214,"column":6},"end":{"line":216,"column":7}},"type":"if","locations":[{"start":{"line":214,"column":6},"end":{"line":216,"column":7}},{"start":{},"end":{}}]},"6":{"loc":{"start":{"line":214,"column":10},"end":{"line":214,"column":93}},"type":"binary-expr","locations":[{"start":{"line":214,"column":10},"end":{"line":214,"column":32}},{"start":{"line":214,"column":36},"end":{"line":214,"column":93}}]}},"s":{"0":5,"1":5,"2":5,"3":5,"4":2,"5":2,"6":2,"7":1,"8":1,"9":0,"10":1,"11":1,"12":0,"13":0,"14":0,"15":0,"16":0,"17":0,"18":0,"19":0,"20":0,"21":0,"22":0,"23":0,"24":0,"25":0,"26":0,"27":0,"28":0,"29":0,"30":0,"31":0,"32":0,"33":0,"34":0,"35":0,"36":0,"37":0,"38":0,"39":0,"40":0,"41":0,"42":0,"43":0},"f":{"0":2,"1":0,"2":0,"3":0,"4":0},"b":{"0":[0,1],"1":[1,0],"2":[1,1],"3":[0,0],"4":[0,0],"5":[0,0],"6":[0,0]}}
,"C:\\Users\\alexsander\\Music\\api\\src\\middlewares\\authMiddleware.ts": {"path":"C:\\Users\\alexsander\\Music\\api\\src\\middlewares\\authMiddleware.ts","statementMap":{"0":{"start":{"line":2,"column":0},"end":{"line":2,"column":54}},"1":{"start":{"line":9,"column":30},"end":{"line":30,"column":1}},"2":{"start":{"line":10,"column":21},"end":{"line":10,"column":46}},"3":{"start":{"line":12,"column":2},"end":{"line":14,"column":3}},"4":{"start":{"line":13,"column":4},"end":{"line":13,"column":66}},"5":{"start":{"line":16,"column":16},"end":{"line":16,"column":40}},"6":{"start":{"line":18,"column":2},"end":{"line":29,"column":3}},"7":{"start":{"line":19,"column":25},"end":{"line":19,"column":55}},"8":{"start":{"line":20,"column":4},"end":{"line":20,"column":37}},"9":{"start":{"line":21,"column":4},"end":{"line":21,"column":37}},"10":{"start":{"line":22,"column":4},"end":{"line":22,"column":11}},"11":{"start":{"line":24,"column":4},"end":{"line":26,"column":5}},"12":{"start":{"line":25,"column":6},"end":{"line":25,"column":62}},"13":{"start":{"line":27,"column":4},"end":{"line":27,"column":50}},"14":{"start":{"line":28,"column":4},"end":{"line":28,"column":70}},"15":{"start":{"line":9,"column":13},"end":{"line":9,"column":30}}},"fnMap":{"0":{"name":"(anonymous_0)","decl":{"start":{"line":9,"column":30},"end":{"line":9,"column":31}},"loc":{"start":{"line":9,"column":95},"end":{"line":30,"column":1}}}},"branchMap":{"0":{"loc":{"start":{"line":12,"column":2},"end":{"line":14,"column":3}},"type":"if","locations":[{"start":{"line":12,"column":2},"end":{"line":14,"column":3}},{"start":{},"end":{}}]},"1":{"loc":{"start":{"line":12,"column":6},"end":{"line":12,"column":54}},"type":"binary-expr","locations":[{"start":{"line":12,"column":6},"end":{"line":12,"column":17}},{"start":{"line":12,"column":21},"end":{"line":12,"column":54}}]},"2":{"loc":{"start":{"line":24,"column":4},"end":{"line":26,"column":5}},"type":"if","locations":[{"start":{"line":24,"column":4},"end":{"line":26,"column":5}},{"start":{},"end":{}}]},"3":{"loc":{"start":{"line":24,"column":8},"end":{"line":24,"column":84}},"type":"binary-expr","locations":[{"start":{"line":24,"column":8},"end":{"line":24,"column":30}},{"start":{"line":24,"column":34},"end":{"line":24,"column":84}}]}},"s":{"0":5,"1":5,"2":28,"3":28,"4":3,"5":25,"6":25,"7":25,"8":25,"9":25,"10":25,"11":0,"12":0,"13":0,"14":0,"15":5},"f":{"0":28},"b":{"0":[3,25],"1":[28,25],"2":[0,0],"3":[0,0]}}
,"C:\\Users\\alexsander\\Music\\api\\src\\middlewares\\authorizationMiddleware.ts": {"path":"C:\\Users\\alexsander\\Music\\api\\src\\middlewares\\authorizationMiddleware.ts","statementMap":{"0":{"start":{"line":8,"column":25},"end":{"line":19,"column":1}},"1":{"start":{"line":9,"column":2},"end":{"line":18,"column":4}},"2":{"start":{"line":11,"column":21},"end":{"line":11,"column":33}},"3":{"start":{"line":13,"column":4},"end":{"line":15,"column":5}},"4":{"start":{"line":14,"column":6},"end":{"line":14,"column":86}},"5":{"start":{"line":16,"column":4},"end":{"line":16,"column":84}},"6":{"start":{"line":17,"column":4},"end":{"line":17,"column":11}},"7":{"start":{"line":8,"column":13},"end":{"line":8,"column":25}}},"fnMap":{"0":{"name":"(anonymous_0)","decl":{"start":{"line":8,"column":25},"end":{"line":8,"column":26}},"loc":{"start":{"line":8,"column":67},"end":{"line":19,"column":1}}},"1":{"name":"(anonymous_1)","decl":{"start":{"line":9,"column":9},"end":{"line":9,"column":10}},"loc":{"start":{"line":9,"column":74},"end":{"line":18,"column":3}}}},"branchMap":{"0":{"loc":{"start":{"line":13,"column":4},"end":{"line":15,"column":5}},"type":"if","locations":[{"start":{"line":13,"column":4},"end":{"line":15,"column":5}},{"start":{},"end":{}}]},"1":{"loc":{"start":{"line":13,"column":8},"end":{"line":13,"column":53}},"type":"binary-expr","locations":[{"start":{"line":13,"column":8},"end":{"line":13,"column":17}},{"start":{"line":13,"column":21},"end":{"line":13,"column":53}}]}},"s":{"0":5,"1":65,"2":25,"3":25,"4":0,"5":25,"6":25,"7":5},"f":{"0":65,"1":25},"b":{"0":[0,25],"1":[25,25]}}
,"C:\\Users\\alexsander\\Music\\api\\src\\middlewares\\errorHandler.ts": {"path":"C:\\Users\\alexsander\\Music\\api\\src\\middlewares\\errorHandler.ts","statementMap":{"0":{"start":{"line":2,"column":0},"end":{"line":2,"column":31}},"1":{"start":{"line":9,"column":28},"end":{"line":52,"column":1}},"2":{"start":{"line":10,"column":2},"end":{"line":10,"column":35}},"3":{"start":{"line":12,"column":2},"end":{"line":17,"column":3}},"4":{"start":{"line":13,"column":4},"end":{"line":16,"column":7}},"5":{"start":{"line":19,"column":2},"end":{"line":21,"column":3}},"6":{"start":{"line":20,"column":4},"end":{"line":20,"column":81}},"7":{"start":{"line":23,"column":2},"end":{"line":25,"column":3}},"8":{"start":{"line":24,"column":4},"end":{"line":24,"column":111}},"9":{"start":{"line":28,"column":2},"end":{"line":30,"column":3}},"10":{"start":{"line":29,"column":4},"end":{"line":29,"column":58}},"11":{"start":{"line":34,"column":2},"end":{"line":44,"column":3}},"12":{"start":{"line":35,"column":4},"end":{"line":43,"column":5}},"13":{"start":{"line":37,"column":8},"end":{"line":37,"column":100}},"14":{"start":{"line":39,"column":8},"end":{"line":39,"column":115}},"15":{"start":{"line":42,"column":8},"end":{"line":42,"column":83}},"16":{"start":{"line":46,"column":21},"end":{"line":46,"column":42}},"17":{"start":{"line":47,"column":18},"end":{"line":47,"column":56}},"18":{"start":{"line":49,"column":2},"end":{"line":51,"column":5}},"19":{"start":{"line":9,"column":13},"end":{"line":9,"column":28}}},"fnMap":{"0":{"name":"(anonymous_0)","decl":{"start":{"line":9,"column":28},"end":{"line":9,"column":29}},"loc":{"start":{"line":9,"column":98},"end":{"line":52,"column":1}}}},"branchMap":{"0":{"loc":{"start":{"line":12,"column":2},"end":{"line":17,"column":3}},"type":"if","locations":[{"start":{"line":12,"column":2},"end":{"line":17,"column":3}},{"start":{},"end":{}}]},"1":{"loc":{"start":{"line":19,"column":2},"end":{"line":21,"column":3}},"type":"if","locations":[{"start":{"line":19,"column":2},"end":{"line":21,"column":3}},{"start":{},"end":{}}]},"2":{"loc":{"start":{"line":23,"column":2},"end":{"line":25,"column":3}},"type":"if","locations":[{"start":{"line":23,"column":2},"end":{"line":25,"column":3}},{"start":{},"end":{}}]},"3":{"loc":{"start":{"line":28,"column":2},"end":{"line":30,"column":3}},"type":"if","locations":[{"start":{"line":28,"column":2},"end":{"line":30,"column":3}},{"start":{},"end":{}}]},"4":{"loc":{"start":{"line":34,"column":2},"end":{"line":44,"column":3}},"type":"if","locations":[{"start":{"line":34,"column":2},"end":{"line":44,"column":3}},{"start":{},"end":{}}]},"5":{"loc":{"start":{"line":34,"column":6},"end":{"line":34,"column":42}},"type":"binary-expr","locations":[{"start":{"line":34,"column":6},"end":{"line":34,"column":14}},{"start":{"line":34,"column":18},"end":{"line":34,"column":42}}]},"6":{"loc":{"start":{"line":35,"column":4},"end":{"line":43,"column":5}},"type":"switch","locations":[{"start":{"line":36,"column":6},"end":{"line":37,"column":100}},{"start":{"line":38,"column":6},"end":{"line":39,"column":115}},{"start":{"line":41,"column":6},"end":{"line":42,"column":83}}]},"7":{"loc":{"start":{"line":46,"column":21},"end":{"line":46,"column":42}},"type":"binary-expr","locations":[{"start":{"line":46,"column":21},"end":{"line":46,"column":35}},{"start":{"line":46,"column":39},"end":{"line":46,"column":42}}]},"8":{"loc":{"start":{"line":47,"column":18},"end":{"line":47,"column":56}},"type":"binary-expr","locations":[{"start":{"line":47,"column":18},"end":{"line":47,"column":29}},{"start":{"line":47,"column":33},"end":{"line":47,"column":56}}]}},"s":{"0":5,"1":5,"2":0,"3":0,"4":0,"5":0,"6":0,"7":0,"8":0,"9":0,"10":0,"11":0,"12":0,"13":0,"14":0,"15":0,"16":0,"17":0,"18":0,"19":5},"f":{"0":0},"b":{"0":[0,0],"1":[0,0],"2":[0,0],"3":[0,0],"4":[0,0],"5":[0,0],"6":[0,0,0],"7":[0,0],"8":[0,0]}}
,"C:\\Users\\alexsander\\Music\\api\\src\\routes\\authRoutes.ts": {"path":"C:\\Users\\alexsander\\Music\\api\\src\\routes\\authRoutes.ts","statementMap":{"0":{"start":{"line":1,"column":0},"end":{"line":1,"column":33}},"1":{"start":{"line":2,"column":0},"end":{"line":2,"column":63}},"2":{"start":{"line":4,"column":15},"end":{"line":4,"column":23}},"3":{"start":{"line":6,"column":0},"end":{"line":6,"column":50}},"4":{"start":{"line":7,"column":0},"end":{"line":7,"column":44}},"5":{"start":{"line":9,"column":0},"end":{"line":9,"column":22}}},"fnMap":{},"branchMap":{},"s":{"0":5,"1":5,"2":5,"3":5,"4":5,"5":5},"f":{},"b":{}}
,"C:\\Users\\alexsander\\Music\\api\\src\\routes\\inspectionRoutes.ts": {"path":"C:\\Users\\alexsander\\Music\\api\\src\\routes\\inspectionRoutes.ts","statementMap":{"0":{"start":{"line":1,"column":0},"end":{"line":1,"column":33}},"1":{"start":{"line":2,"column":0},"end":{"line":2,"column":75}},"2":{"start":{"line":3,"column":0},"end":{"line":3,"column":63}},"3":{"start":{"line":4,"column":0},"end":{"line":4,"column":67}},"4":{"start":{"line":6,"column":15},"end":{"line":6,"column":23}},"5":{"start":{"line":8,"column":0},"end":{"line":8,"column":102}},"6":{"start":{"line":9,"column":0},"end":{"line":9,"column":102}},"7":{"start":{"line":10,"column":0},"end":{"line":10,"column":105}},"8":{"start":{"line":11,"column":0},"end":{"line":11,"column":104}},"9":{"start":{"line":12,"column":0},"end":{"line":12,"column":107}},"10":{"start":{"line":14,"column":0},"end":{"line":14,"column":22}}},"fnMap":{},"branchMap":{},"s":{"0":5,"1":5,"2":5,"3":5,"4":5,"5":5,"6":5,"7":5,"8":5,"9":5,"10":5},"f":{},"b":{}}
,"C:\\Users\\alexsander\\Music\\api\\src\\routes\\photoRoutes.ts": {"path":"C:\\Users\\alexsander\\Music\\api\\src\\routes\\photoRoutes.ts","statementMap":{"0":{"start":{"line":1,"column":0},"end":{"line":1,"column":33}},"1":{"start":{"line":2,"column":0},"end":{"line":2,"column":65}},"2":{"start":{"line":3,"column":0},"end":{"line":3,"column":63}},"3":{"start":{"line":4,"column":0},"end":{"line":4,"column":67}},"4":{"start":{"line":6,"column":15},"end":{"line":6,"column":23}},"5":{"start":{"line":9,"column":0},"end":{"line":9,"column":121}},"6":{"start":{"line":10,"column":0},"end":{"line":10,"column":135}},"7":{"start":{"line":13,"column":0},"end":{"line":13,"column":104}},"8":{"start":{"line":15,"column":0},"end":{"line":15,"column":22}}},"fnMap":{},"branchMap":{},"s":{"0":5,"1":5,"2":5,"3":5,"4":5,"5":5,"6":5,"7":5,"8":5},"f":{},"b":{}}
,"C:\\Users\\alexsander\\Music\\api\\src\\routes\\syncRoutes.ts": {"path":"C:\\Users\\alexsander\\Music\\api\\src\\routes\\syncRoutes.ts","statementMap":{"0":{"start":{"line":1,"column":0},"end":{"line":1,"column":33}},"1":{"start":{"line":2,"column":0},"end":{"line":2,"column":63}},"2":{"start":{"line":3,"column":0},"end":{"line":3,"column":63}},"3":{"start":{"line":4,"column":0},"end":{"line":4,"column":67}},"4":{"start":{"line":6,"column":15},"end":{"line":6,"column":23}},"5":{"start":{"line":8,"column":0},"end":{"line":8,"column":80}},"6":{"start":{"line":10,"column":0},"end":{"line":10,"column":22}}},"fnMap":{},"branchMap":{},"s":{"0":5,"1":5,"2":5,"3":5,"4":5,"5":5,"6":5},"f":{},"b":{}}
,"C:\\Users\\alexsander\\Music\\api\\src\\routes\\userRoutes.ts": {"path":"C:\\Users\\alexsander\\Music\\api\\src\\routes\\userRoutes.ts","statementMap":{"0":{"start":{"line":1,"column":0},"end":{"line":1,"column":33}},"1":{"start":{"line":2,"column":0},"end":{"line":2,"column":63}},"2":{"start":{"line":3,"column":0},"end":{"line":3,"column":63}},"3":{"start":{"line":4,"column":0},"end":{"line":4,"column":67}},"4":{"start":{"line":6,"column":15},"end":{"line":6,"column":23}},"5":{"start":{"line":8,"column":0},"end":{"line":8,"column":44}},"6":{"start":{"line":9,"column":0},"end":{"line":9,"column":82}},"7":{"start":{"line":10,"column":0},"end":{"line":10,"column":85}},"8":{"start":{"line":11,"column":0},"end":{"line":11,"column":84}},"9":{"start":{"line":12,"column":0},"end":{"line":12,"column":87}},"10":{"start":{"line":14,"column":0},"end":{"line":14,"column":22}}},"fnMap":{},"branchMap":{},"s":{"0":5,"1":5,"2":5,"3":5,"4":5,"5":5,"6":5,"7":5,"8":5,"9":5,"10":5},"f":{},"b":{}}
,"C:\\Users\\alexsander\\Music\\api\\src\\services\\authService.ts": {"path":"C:\\Users\\alexsander\\Music\\api\\src\\services\\authService.ts","statementMap":{"0":{"start":{"line":1,"column":0},"end":{"line":1,"column":31}},"1":{"start":{"line":2,"column":0},"end":{"line":2,"column":35}},"2":{"start":{"line":3,"column":0},"end":{"line":3,"column":36}},"3":{"start":{"line":6,"column":19},"end":{"line":6,"column":67}},"4":{"start":{"line":8,"column":13},"end":{"line":74,"column":2}},"5":{"start":{"line":19,"column":25},"end":{"line":19,"column":75}},"6":{"start":{"line":20,"column":4},"end":{"line":22,"column":5}},"7":{"start":{"line":21,"column":6},"end":{"line":21,"column":61}},"8":{"start":{"line":24,"column":27},"end":{"line":24,"column":58}},"9":{"start":{"line":25,"column":20},"end":{"line":27,"column":6}},"10":{"start":{"line":29,"column":18},"end":{"line":29,"column":125}},"11":{"start":{"line":32,"column":52},"end":{"line":32,"column":59}},"12":{"start":{"line":33,"column":4},"end":{"line":33,"column":48}},"13":{"start":{"line":44,"column":17},"end":{"line":44,"column":67}},"14":{"start":{"line":45,"column":4},"end":{"line":47,"column":5}},"15":{"start":{"line":46,"column":6},"end":{"line":46,"column":45}},"16":{"start":{"line":49,"column":28},"end":{"line":49,"column":73}},"17":{"start":{"line":50,"column":4},"end":{"line":52,"column":5}},"18":{"start":{"line":51,"column":6},"end":{"line":51,"column":45}},"19":{"start":{"line":54,"column":18},"end":{"line":54,"column":116}},"20":{"start":{"line":57,"column":52},"end":{"line":57,"column":56}},"21":{"start":{"line":58,"column":4},"end":{"line":58,"column":48}},"22":{"start":{"line":68,"column":4},"end":{"line":72,"column":5}},"23":{"start":{"line":69,"column":6},"end":{"line":69,"column":104}},"24":{"start":{"line":71,"column":6},"end":{"line":71,"column":50}}},"fnMap":{"0":{"name":"(anonymous_10)","decl":{"start":{"line":18,"column":12},"end":{"line":18,"column":17}},"loc":{"start":{"line":18,"column":94},"end":{"line":34,"column":3}}},"1":{"name":"(anonymous_11)","decl":{"start":{"line":43,"column":9},"end":{"line":43,"column":14}},"loc":{"start":{"line":43,"column":51},"end":{"line":59,"column":3}}},"2":{"name":"(anonymous_12)","decl":{"start":{"line":67,"column":15},"end":{"line":67,"column":16}},"loc":{"start":{"line":67,"column":33},"end":{"line":73,"column":3}}}},"branchMap":{"0":{"loc":{"start":{"line":6,"column":19},"end":{"line":6,"column":67}},"type":"binary-expr","locations":[{"start":{"line":6,"column":19},"end":{"line":6,"column":41}},{"start":{"line":6,"column":45},"end":{"line":6,"column":67}}]},"1":{"loc":{"start":{"line":20,"column":4},"end":{"line":22,"column":5}},"type":"if","locations":[{"start":{"line":20,"column":4},"end":{"line":22,"column":5}},{"start":{},"end":{}}]},"2":{"loc":{"start":{"line":26,"column":59},"end":{"line":26,"column":73}},"type":"binary-expr","locations":[{"start":{"line":26,"column":59},"end":{"line":26,"column":63}},{"start":{"line":26,"column":67},"end":{"line":26,"column":73}}]},"3":{"loc":{"start":{"line":45,"column":4},"end":{"line":47,"column":5}},"type":"if","locations":[{"start":{"line":45,"column":4},"end":{"line":47,"column":5}},{"start":{},"end":{}}]},"4":{"loc":{"start":{"line":45,"column":8},"end":{"line":45,"column":31}},"type":"binary-expr","locations":[{"start":{"line":45,"column":8},"end":{"line":45,"column":13}},{"start":{"line":45,"column":17},"end":{"line":45,"column":31}}]},"5":{"loc":{"start":{"line":50,"column":4},"end":{"line":52,"column":5}},"type":"if","locations":[{"start":{"line":50,"column":4},"end":{"line":52,"column":5}},{"start":{},"end":{}}]}},"s":{"0":5,"1":5,"2":5,"3":5,"4":5,"5":18,"6":18,"7":1,"8":17,"9":17,"10":17,"11":17,"12":17,"13":2,"14":2,"15":1,"16":1,"17":1,"18":0,"19":1,"20":1,"21":1,"22":25,"23":25,"24":0},"f":{"0":18,"1":2,"2":25},"b":{"0":[5,0],"1":[1,17],"2":[17,12],"3":[1,1],"4":[2,1],"5":[0,1]}}
,"C:\\Users\\alexsander\\Music\\api\\src\\services\\inspectionService.ts": {"path":"C:\\Users\\alexsander\\Music\\api\\src\\services\\inspectionService.ts","statementMap":{"0":{"start":{"line":1,"column":0},"end":{"line":1,"column":31}},"1":{"start":{"line":3,"column":13},"end":{"line":62,"column":2}},"2":{"start":{"line":10,"column":4},"end":{"line":12,"column":7}},"3":{"start":{"line":20,"column":4},"end":{"line":20,"column":40}},"4":{"start":{"line":29,"column":4},"end":{"line":32,"column":7}},"5":{"start":{"line":42,"column":4},"end":{"line":45,"column":7}},"6":{"start":{"line":55,"column":4},"end":{"line":57,"column":7}},"7":{"start":{"line":58,"column":4},"end":{"line":60,"column":7}}},"fnMap":{"0":{"name":"(anonymous_1)","decl":{"start":{"line":9,"column":20},"end":{"line":9,"column":25}},"loc":{"start":{"line":9,"column":108},"end":{"line":13,"column":3}}},"1":{"name":"(anonymous_2)","decl":{"start":{"line":19,"column":21},"end":{"line":19,"column":26}},"loc":{"start":{"line":19,"column":32},"end":{"line":21,"column":3}}},"2":{"name":"(anonymous_3)","decl":{"start":{"line":28,"column":21},"end":{"line":28,"column":26}},"loc":{"start":{"line":28,"column":42},"end":{"line":33,"column":3}}},"3":{"name":"(anonymous_4)","decl":{"start":{"line":41,"column":20},"end":{"line":41,"column":25}},"loc":{"start":{"line":41,"column":123},"end":{"line":46,"column":3}}},"4":{"name":"(anonymous_5)","decl":{"start":{"line":53,"column":20},"end":{"line":53,"column":25}},"loc":{"start":{"line":53,"column":41},"end":{"line":61,"column":3}}}},"branchMap":{},"s":{"0":5,"1":5,"2":13,"3":1,"4":1,"5":1,"6":1,"7":1},"f":{"0":13,"1":1,"2":1,"3":1,"4":1},"b":{}}
,"C:\\Users\\alexsander\\Music\\api\\src\\services\\photoService.ts": {"path":"C:\\Users\\alexsander\\Music\\api\\src\\services\\photoService.ts","statementMap":{"0":{"start":{"line":1,"column":0},"end":{"line":1,"column":31}},"1":{"start":{"line":3,"column":13},"end":{"line":43,"column":2}},"2":{"start":{"line":11,"column":4},"end":{"line":18,"column":7}},"3":{"start":{"line":27,"column":4},"end":{"line":29,"column":7}},"4":{"start":{"line":38,"column":18},"end":{"line":38,"column":66}},"5":{"start":{"line":39,"column":4},"end":{"line":39,"column":28}},"6":{"start":{"line":39,"column":16},"end":{"line":39,"column":28}},"7":{"start":{"line":40,"column":4},"end":{"line":40,"column":49}},"8":{"start":{"line":41,"column":4},"end":{"line":41,"column":17}}},"fnMap":{"0":{"name":"(anonymous_1)","decl":{"start":{"line":10,"column":12},"end":{"line":10,"column":17}},"loc":{"start":{"line":10,"column":56},"end":{"line":19,"column":3}}},"1":{"name":"(anonymous_2)","decl":{"start":{"line":26,"column":27},"end":{"line":26,"column":32}},"loc":{"start":{"line":26,"column":58},"end":{"line":30,"column":3}}},"2":{"name":"(anonymous_3)","decl":{"start":{"line":37,"column":15},"end":{"line":37,"column":20}},"loc":{"start":{"line":37,"column":36},"end":{"line":42,"column":3}}}},"branchMap":{"0":{"loc":{"start":{"line":39,"column":4},"end":{"line":39,"column":28}},"type":"if","locations":[{"start":{"line":39,"column":4},"end":{"line":39,"column":28}},{"start":{},"end":{}}]}},"s":{"0":5,"1":5,"2":4,"3":1,"4":0,"5":0,"6":0,"7":0,"8":0},"f":{"0":4,"1":1,"2":0},"b":{"0":[0,0]}}
,"C:\\Users\\alexsander\\Music\\api\\src\\services\\syncService.ts": {"path":"C:\\Users\\alexsander\\Music\\api\\src\\services\\syncService.ts","statementMap":{"0":{"start":{"line":1,"column":0},"end":{"line":1,"column":31}},"1":{"start":{"line":2,"column":0},"end":{"line":2,"column":30}},"2":{"start":{"line":14,"column":13},"end":{"line":143,"column":2}},"3":{"start":{"line":21,"column":32},"end":{"line":21,"column":34}},"4":{"start":{"line":22,"column":44},"end":{"line":22,"column":46}},"5":{"start":{"line":23,"column":34},"end":{"line":23,"column":36}},"6":{"start":{"line":24,"column":29},"end":{"line":24,"column":31}},"7":{"start":{"line":27,"column":4},"end":{"line":66,"column":5}},"8":{"start":{"line":28,"column":6},"end":{"line":65,"column":7}},"9":{"start":{"line":29,"column":27},"end":{"line":29,"column":31}},"10":{"start":{"line":30,"column":26},"end":{"line":30,"column":35}},"11":{"start":{"line":31,"column":8},"end":{"line":37,"column":9}},"12":{"start":{"line":32,"column":10},"end":{"line":32,"column":85}},"13":{"start":{"line":33,"column":10},"end":{"line":33,"column":43}},"14":{"start":{"line":34,"column":15},"end":{"line":37,"column":9}},"15":{"start":{"line":35,"column":10},"end":{"line":35,"column":91}},"16":{"start":{"line":36,"column":10},"end":{"line":36,"column":49}},"17":{"start":{"line":38,"column":58},"end":{"line":40,"column":10}},"18":{"start":{"line":41,"column":8},"end":{"line":43,"column":9}},"19":{"start":{"line":42,"column":10},"end":{"line":42,"column":48}},"20":{"start":{"line":44,"column":8},"end":{"line":50,"column":9}},"21":{"start":{"line":45,"column":10},"end":{"line":49,"column":11}},"22":{"start":{"line":46,"column":12},"end":{"line":46,"column":81}},"23":{"start":{"line":48,"column":12},"end":{"line":48,"column":46}},"24":{"start":{"line":51,"column":8},"end":{"line":62,"column":9}},"25":{"start":{"line":52,"column":30},"end":{"line":55,"column":12}},"26":{"start":{"line":56,"column":10},"end":{"line":56,"column":40}},"27":{"start":{"line":58,"column":26},"end":{"line":60,"column":12}},"28":{"start":{"line":61,"column":10},"end":{"line":61,"column":36}},"29":{"start":{"line":64,"column":8},"end":{"line":64,"column":78}},"30":{"start":{"line":69,"column":4},"end":{"line":100,"column":5}},"31":{"start":{"line":70,"column":6},"end":{"line":99,"column":7}},"32":{"start":{"line":71,"column":33},"end":{"line":71,"column":37}},"33":{"start":{"line":72,"column":26},"end":{"line":72,"column":35}},"34":{"start":{"line":73,"column":8},"end":{"line":76,"column":9}},"35":{"start":{"line":74,"column":10},"end":{"line":74,"column":103}},"36":{"start":{"line":75,"column":10},"end":{"line":75,"column":49}},"37":{"start":{"line":77,"column":70},"end":{"line":81,"column":10}},"38":{"start":{"line":82,"column":8},"end":{"line":84,"column":9}},"39":{"start":{"line":83,"column":10},"end":{"line":83,"column":74}},"40":{"start":{"line":85,"column":8},"end":{"line":96,"column":9}},"41":{"start":{"line":86,"column":36},"end":{"line":89,"column":12}},"42":{"start":{"line":90,"column":10},"end":{"line":90,"column":52}},"43":{"start":{"line":92,"column":32},"end":{"line":94,"column":12}},"44":{"start":{"line":95,"column":10},"end":{"line":95,"column":48}},"45":{"start":{"line":98,"column":8},"end":{"line":98,"column":90}},"46":{"start":{"line":103,"column":4},"end":{"line":139,"column":5}},"47":{"start":{"line":104,"column":6},"end":{"line":138,"column":7}},"48":{"start":{"line":105,"column":28},"end":{"line":105,"column":32}},"49":{"start":{"line":106,"column":26},"end":{"line":106,"column":35}},"50":{"start":{"line":107,"column":8},"end":{"line":110,"column":9}},"51":{"start":{"line":108,"column":10},"end":{"line":108,"column":88}},"52":{"start":{"line":109,"column":10},"end":{"line":109,"column":44}},"53":{"start":{"line":111,"column":8},"end":{"line":135,"column":9}},"54":{"start":{"line":112,"column":54},"end":{"line":112,"column":56}},"55":{"start":{"line":113,"column":10},"end":{"line":115,"column":11}},"56":{"start":{"line":114,"column":12},"end":{"line":114,"column":42}},"57":{"start":{"line":116,"column":10},"end":{"line":118,"column":11}},"58":{"start":{"line":117,"column":12},"end":{"line":117,"column":79}},"59":{"start":{"line":119,"column":31},"end":{"line":122,"column":12}},"60":{"start":{"line":123,"column":10},"end":{"line":123,"column":42}},"61":{"start":{"line":125,"column":54},"end":{"line":130,"column":12}},"62":{"start":{"line":131,"column":27},"end":{"line":133,"column":12}},"63":{"start":{"line":134,"column":10},"end":{"line":134,"column":38}},"64":{"start":{"line":137,"column":8},"end":{"line":137,"column":80}},"65":{"start":{"line":141,"column":4},"end":{"line":141,"column":71}}},"fnMap":{"0":{"name":"(anonymous_1)","decl":{"start":{"line":20,"column":12},"end":{"line":20,"column":17}},"loc":{"start":{"line":20,"column":69},"end":{"line":142,"column":3}}}},"branchMap":{"0":{"loc":{"start":{"line":27,"column":26},"end":{"line":27,"column":45}},"type":"binary-expr","locations":[{"start":{"line":27,"column":26},"end":{"line":27,"column":39}},{"start":{"line":27,"column":43},"end":{"line":27,"column":45}}]},"1":{"loc":{"start":{"line":31,"column":8},"end":{"line":37,"column":9}},"type":"if","locations":[{"start":{"line":31,"column":8},"end":{"line":37,"column":9}},{"start":{"line":34,"column":15},"end":{"line":37,"column":9}}]},"2":{"loc":{"start":{"line":31,"column":12},"end":{"line":31,"column":59}},"type":"binary-expr","locations":[{"start":{"line":31,"column":12},"end":{"line":31,"column":36}},{"start":{"line":31,"column":40},"end":{"line":31,"column":59}}]},"3":{"loc":{"start":{"line":34,"column":15},"end":{"line":37,"column":9}},"type":"if","locations":[{"start":{"line":34,"column":15},"end":{"line":37,"column":9}},{"start":{},"end":{}}]},"4":{"loc":{"start":{"line":41,"column":8},"end":{"line":43,"column":9}},"type":"if","locations":[{"start":{"line":41,"column":8},"end":{"line":43,"column":9}},{"start":{},"end":{}}]},"5":{"loc":{"start":{"line":44,"column":8},"end":{"line":50,"column":9}},"type":"if","locations":[{"start":{"line":44,"column":8},"end":{"line":50,"column":9}},{"start":{},"end":{}}]},"6":{"loc":{"start":{"line":45,"column":10},"end":{"line":49,"column":11}},"type":"if","locations":[{"start":{"line":45,"column":10},"end":{"line":49,"column":11}},{"start":{"line":47,"column":17},"end":{"line":49,"column":11}}]},"7":{"loc":{"start":{"line":51,"column":8},"end":{"line":62,"column":9}},"type":"if","locations":[{"start":{"line":51,"column":8},"end":{"line":62,"column":9}},{"start":{"line":57,"column":15},"end":{"line":62,"column":9}}]},"8":{"loc":{"start":{"line":51,"column":12},"end":{"line":51,"column":39}},"type":"binary-expr","locations":[{"start":{"line":51,"column":12},"end":{"line":51,"column":24}},{"start":{"line":51,"column":28},"end":{"line":51,"column":39}}]},"9":{"loc":{"start":{"line":69,"column":32},"end":{"line":69,"column":57}},"type":"binary-expr","locations":[{"start":{"line":69,"column":32},"end":{"line":69,"column":51}},{"start":{"line":69,"column":55},"end":{"line":69,"column":57}}]},"10":{"loc":{"start":{"line":73,"column":8},"end":{"line":76,"column":9}},"type":"if","locations":[{"start":{"line":73,"column":8},"end":{"line":76,"column":9}},{"start":{},"end":{}}]},"11":{"loc":{"start":{"line":73,"column":12},"end":{"line":73,"column":71}},"type":"binary-expr","locations":[{"start":{"line":73,"column":12},"end":{"line":73,"column":42}},{"start":{"line":73,"column":46},"end":{"line":73,"column":71}}]},"12":{"loc":{"start":{"line":82,"column":8},"end":{"line":84,"column":9}},"type":"if","locations":[{"start":{"line":82,"column":8},"end":{"line":84,"column":9}},{"start":{},"end":{}}]},"13":{"loc":{"start":{"line":85,"column":8},"end":{"line":96,"column":9}},"type":"if","locations":[{"start":{"line":85,"column":8},"end":{"line":96,"column":9}},{"start":{"line":91,"column":15},"end":{"line":96,"column":9}}]},"14":{"loc":{"start":{"line":85,"column":12},"end":{"line":85,"column":45}},"type":"binary-expr","locations":[{"start":{"line":85,"column":12},"end":{"line":85,"column":30}},{"start":{"line":85,"column":34},"end":{"line":85,"column":45}}]},"15":{"loc":{"start":{"line":103,"column":27},"end":{"line":103,"column":47}},"type":"binary-expr","locations":[{"start":{"line":103,"column":27},"end":{"line":103,"column":41}},{"start":{"line":103,"column":45},"end":{"line":103,"column":47}}]},"16":{"loc":{"start":{"line":107,"column":8},"end":{"line":110,"column":9}},"type":"if","locations":[{"start":{"line":107,"column":8},"end":{"line":110,"column":9}},{"start":{},"end":{}}]},"17":{"loc":{"start":{"line":107,"column":12},"end":{"line":107,"column":61}},"type":"binary-expr","locations":[{"start":{"line":107,"column":12},"end":{"line":107,"column":37}},{"start":{"line":107,"column":41},"end":{"line":107,"column":61}}]},"18":{"loc":{"start":{"line":111,"column":8},"end":{"line":135,"column":9}},"type":"if","locations":[{"start":{"line":111,"column":8},"end":{"line":135,"column":9}},{"start":{"line":124,"column":15},"end":{"line":135,"column":9}}]},"19":{"loc":{"start":{"line":111,"column":12},"end":{"line":111,"column":40}},"type":"binary-expr","locations":[{"start":{"line":111,"column":12},"end":{"line":111,"column":25}},{"start":{"line":111,"column":29},"end":{"line":111,"column":40}}]},"20":{"loc":{"start":{"line":113,"column":10},"end":{"line":115,"column":11}},"type":"if","locations":[{"start":{"line":113,"column":10},"end":{"line":115,"column":11}},{"start":{},"end":{}}]},"21":{"loc":{"start":{"line":116,"column":10},"end":{"line":118,"column":11}},"type":"if","locations":[{"start":{"line":116,"column":10},"end":{"line":118,"column":11}},{"start":{},"end":{}}]},"22":{"loc":{"start":{"line":116,"column":14},"end":{"line":116,"column":105}},"type":"binary-expr","locations":[{"start":{"line":116,"column":14},"end":{"line":116,"column":49}},{"start":{"line":116,"column":53},"end":{"line":116,"column":105}}]}},"s":{"0":5,"1":5,"2":5,"3":2,"4":2,"5":2,"6":2,"7":2,"8":3,"9":3,"10":3,"11":3,"12":1,"13":1,"14":2,"15":2,"16":2,"17":3,"18":3,"19":3,"20":3,"21":2,"22":2,"23":0,"24":3,"25":3,"26":3,"27":0,"28":0,"29":0,"30":2,"31":3,"32":3,"33":3,"34":3,"35":1,"36":1,"37":3,"38":3,"39":0,"40":3,"41":1,"42":1,"43":2,"44":2,"45":0,"46":2,"47":1,"48":1,"49":1,"50":1,"51":0,"52":0,"53":1,"54":0,"55":0,"56":0,"57":0,"58":0,"59":0,"60":0,"61":1,"62":1,"63":1,"64":0,"65":2},"f":{"0":2},"b":{"0":[2,0],"1":[1,2],"2":[3,1],"3":[2,0],"4":[3,0],"5":[2,1],"6":[2,0],"7":[3,0],"8":[3,3],"9":[2,0],"10":[1,2],"11":[3,1],"12":[0,3],"13":[1,2],"14":[3,1],"15":[2,1],"16":[0,1],"17":[1,0],"18":[0,1],"19":[1,0],"20":[0,0],"21":[0,0],"22":[0,0]}}
,"C:\\Users\\alexsander\\Music\\api\\src\\services\\userService.ts": {"path":"C:\\Users\\alexsander\\Music\\api\\src\\services\\userService.ts","statementMap":{"0":{"start":{"line":1,"column":0},"end":{"line":1,"column":35}},"1":{"start":{"line":2,"column":0},"end":{"line":2,"column":31}},"2":{"start":{"line":6,"column":13},"end":{"line":89,"column":2}},"3":{"start":{"line":13,"column":44},"end":{"line":13,"column":48}},"4":{"start":{"line":15,"column":25},"end":{"line":15,"column":75}},"5":{"start":{"line":16,"column":4},"end":{"line":18,"column":5}},"6":{"start":{"line":17,"column":6},"end":{"line":17,"column":61}},"7":{"start":{"line":20,"column":4},"end":{"line":22,"column":5}},"8":{"start":{"line":21,"column":6},"end":{"line":21,"column":55}},"9":{"start":{"line":23,"column":4},"end":{"line":25,"column":7}},"10":{"start":{"line":33,"column":4},"end":{"line":35,"column":7}},"11":{"start":{"line":44,"column":4},"end":{"line":47,"column":7}},"12":{"start":{"line":56,"column":4},"end":{"line":58,"column":7}},"13":{"start":{"line":68,"column":4},"end":{"line":70,"column":5}},"14":{"start":{"line":69,"column":6},"end":{"line":69,"column":59}},"15":{"start":{"line":71,"column":4},"end":{"line":75,"column":7}},"16":{"start":{"line":84,"column":4},"end":{"line":87,"column":7}}},"fnMap":{"0":{"name":"(anonymous_10)","decl":{"start":{"line":12,"column":14},"end":{"line":12,"column":19}},"loc":{"start":{"line":12,"column":107},"end":{"line":26,"column":3}}},"1":{"name":"(anonymous_11)","decl":{"start":{"line":32,"column":15},"end":{"line":32,"column":20}},"loc":{"start":{"line":32,"column":26},"end":{"line":36,"column":3}}},"2":{"name":"(anonymous_12)","decl":{"start":{"line":43,"column":15},"end":{"line":43,"column":20}},"loc":{"start":{"line":43,"column":36},"end":{"line":48,"column":3}}},"3":{"name":"(anonymous_13)","decl":{"start":{"line":55,"column":18},"end":{"line":55,"column":23}},"loc":{"start":{"line":55,"column":42},"end":{"line":59,"column":3}}},"4":{"name":"(anonymous_14)","decl":{"start":{"line":67,"column":14},"end":{"line":67,"column":19}},"loc":{"start":{"line":67,"column":120},"end":{"line":76,"column":3}}},"5":{"name":"(anonymous_15)","decl":{"start":{"line":83,"column":14},"end":{"line":83,"column":19}},"loc":{"start":{"line":83,"column":35},"end":{"line":88,"column":3}}}},"branchMap":{"0":{"loc":{"start":{"line":16,"column":4},"end":{"line":18,"column":5}},"type":"if","locations":[{"start":{"line":16,"column":4},"end":{"line":18,"column":5}},{"start":{},"end":{}}]},"1":{"loc":{"start":{"line":20,"column":4},"end":{"line":22,"column":5}},"type":"if","locations":[{"start":{"line":20,"column":4},"end":{"line":22,"column":5}},{"start":{},"end":{}}]},"2":{"loc":{"start":{"line":68,"column":4},"end":{"line":70,"column":5}},"type":"if","locations":[{"start":{"line":68,"column":4},"end":{"line":70,"column":5}},{"start":{},"end":{}}]}},"s":{"0":5,"1":5,"2":5,"3":2,"4":2,"5":2,"6":1,"7":1,"8":1,"9":1,"10":0,"11":0,"12":0,"13":0,"14":0,"15":0,"16":0},"f":{"0":2,"1":0,"2":0,"3":0,"4":0,"5":0},"b":{"0":[1,1],"1":[1,0],"2":[0,0]}}
,"C:\\Users\\alexsander\\Music\\api\\src\\utils\\validationSchemas.ts": {"path":"C:\\Users\\alexsander\\Music\\api\\src\\utils\\validationSchemas.ts","statementMap":{"0":{"start":{"line":1,"column":0},"end":{"line":1,"column":24}},"1":{"start":{"line":3,"column":13},"end":{"line":7,"column":3}},"2":{"start":{"line":9,"column":13},"end":{"line":13,"column":3}},"3":{"start":{"line":18,"column":13},"end":{"line":23,"column":3}},"4":{"start":{"line":25,"column":13},"end":{"line":30,"column":3}},"5":{"start":{"line":35,"column":13},"end":{"line":37,"column":3}},"6":{"start":{"line":41,"column":13},"end":{"line":46,"column":3}},"7":{"start":{"line":48,"column":13},"end":{"line":51,"column":3}},"8":{"start":{"line":56,"column":13},"end":{"line":79,"column":3}}},"fnMap":{},"branchMap":{},"s":{"0":5,"1":5,"2":5,"3":5,"4":5,"5":5,"6":5,"7":5,"8":5},"f":{},"b":{}}
}
