TN:
SF:src\app.ts
FN:30,(anonymous_1)
FNF:1
FNH:0
FNDA:0,(anonymous_1)
DA:1,5
DA:2,5
DA:3,5
DA:4,5
DA:6,5
DA:7,5
DA:8,5
DA:9,5
DA:10,5
DA:11,5
DA:13,5
DA:16,5
DA:17,5
DA:20,5
DA:21,5
DA:22,5
DA:23,5
DA:24,5
DA:27,5
DA:30,5
DA:31,0
DA:35,5
DA:36,5
LF:23
LH:22
BRF:0
BRH:0
end_of_record
TN:
SF:src\prisma.ts
FNF:0
FNH:0
DA:1,5
DA:3,5
DA:5,5
LF:3
LH:3
BRF:0
BRH:0
end_of_record
TN:
SF:src\controllers\authController.ts
FN:38,(anonymous_0)
FN:86,(anonymous_1)
FNF:2
FNH:2
FNDA:18,(anonymous_0)
FNDA:2,(anonymous_1)
DA:2,5
DA:3,5
DA:4,5
DA:6,5
DA:39,18
DA:40,18
DA:41,18
DA:42,17
DA:44,1
DA:45,0
DA:47,1
DA:48,1
DA:50,0
DA:51,0
DA:87,2
DA:88,2
DA:89,2
DA:90,1
DA:92,1
DA:93,0
DA:95,1
DA:96,1
DA:98,0
DA:99,0
LF:24
LH:18
BRDA:44,0,0,0
BRDA:44,0,1,1
BRDA:47,1,0,1
BRDA:47,1,1,0
BRDA:47,2,0,1
BRDA:47,2,1,1
BRDA:92,3,0,0
BRDA:92,3,1,1
BRDA:95,4,0,1
BRDA:95,4,1,0
BRDA:95,5,0,1
BRDA:95,5,1,1
BRF:12
BRH:8
end_of_record
TN:
SF:src\controllers\inspectionController.ts
FN:35,(anonymous_0)
FN:71,(anonymous_1)
FN:110,(anonymous_2)
FN:161,(anonymous_3)
FN:209,(anonymous_4)
FNF:5
FNH:5
FNDA:13,(anonymous_0)
FNDA:1,(anonymous_1)
FNDA:1,(anonymous_2)
FNDA:1,(anonymous_3)
FNDA:1,(anonymous_4)
DA:2,5
DA:3,5
DA:4,5
DA:6,5
DA:36,13
DA:37,13
DA:38,13
DA:39,13
DA:41,0
DA:42,0
DA:44,0
DA:45,0
DA:72,1
DA:73,1
DA:74,1
DA:76,0
DA:77,0
DA:111,1
DA:112,1
DA:113,1
DA:114,1
DA:115,0
DA:117,1
DA:119,0
DA:120,0
DA:162,1
DA:163,1
DA:164,1
DA:165,1
DA:166,1
DA:168,0
DA:169,0
DA:171,0
DA:172,0
DA:210,1
DA:211,1
DA:212,1
DA:213,1
DA:215,0
DA:216,0
DA:218,0
DA:219,0
LF:42
LH:25
BRDA:41,0,0,0
BRDA:41,0,1,0
BRDA:114,1,0,0
BRDA:114,1,1,1
BRDA:168,2,0,0
BRDA:168,2,1,0
BRDA:215,3,0,0
BRDA:215,3,1,0
BRDA:215,4,0,0
BRDA:215,4,1,0
BRF:10
BRH:1
end_of_record
TN:
SF:src\controllers\photoController.ts
FN:43,(anonymous_0)
FN:91,(anonymous_1)
FN:135,(anonymous_2)
FNF:3
FNH:2
FNDA:4,(anonymous_0)
FNDA:1,(anonymous_1)
FNDA:0,(anonymous_2)
DA:2,5
DA:3,5
DA:4,5
DA:7,5
DA:44,4
DA:45,4
DA:46,4
DA:47,4
DA:48,4
DA:50,0
DA:51,0
DA:53,0
DA:54,0
DA:56,0
DA:92,1
DA:93,1
DA:95,1
DA:96,1
DA:98,0
DA:136,0
DA:137,0
DA:138,0
DA:139,0
DA:140,0
DA:142,0
DA:144,0
LF:26
LH:13
BRDA:50,0,0,0
BRDA:50,0,1,0
BRDA:53,1,0,0
BRDA:53,1,1,0
BRDA:53,2,0,0
BRDA:53,2,1,0
BRDA:139,3,0,0
BRDA:139,3,1,0
BRF:8
BRH:0
end_of_record
TN:
SF:src\controllers\syncController.ts
FN:36,(anonymous_1)
FN:72,(anonymous_2)
FNF:2
FNH:1
FNDA:3,(anonymous_1)
FNDA:0,(anonymous_2)
DA:2,5
DA:3,5
DA:4,5
DA:5,5
DA:7,5
DA:37,3
DA:38,3
DA:39,2
DA:40,2
DA:42,1
DA:43,1
DA:45,0
DA:46,0
DA:73,0
DA:74,0
DA:75,0
DA:77,0
DA:78,0
LF:18
LH:11
BRDA:42,0,0,1
BRDA:42,0,1,0
BRF:2
BRH:1
end_of_record
TN:
SF:src\controllers\userController.ts
FN:31,(anonymous_0)
FN:70,(anonymous_1)
FN:109,(anonymous_2)
FN:160,(anonymous_3)
FN:208,(anonymous_4)
FNF:5
FNH:1
FNDA:2,(anonymous_0)
FNDA:0,(anonymous_1)
FNDA:0,(anonymous_2)
FNDA:0,(anonymous_3)
FNDA:0,(anonymous_4)
DA:2,5
DA:3,5
DA:4,5
DA:6,5
DA:32,2
DA:33,2
DA:34,2
DA:35,1
DA:37,1
DA:38,0
DA:40,1
DA:41,1
DA:43,0
DA:44,0
DA:71,0
DA:72,0
DA:73,0
DA:75,0
DA:76,0
DA:110,0
DA:111,0
DA:112,0
DA:113,0
DA:114,0
DA:116,0
DA:118,0
DA:119,0
DA:161,0
DA:162,0
DA:163,0
DA:164,0
DA:165,0
DA:167,0
DA:168,0
DA:170,0
DA:171,0
DA:209,0
DA:210,0
DA:211,0
DA:212,0
DA:214,0
DA:215,0
DA:217,0
DA:218,0
LF:44
LH:11
BRDA:37,0,0,0
BRDA:37,0,1,1
BRDA:40,1,0,1
BRDA:40,1,1,0
BRDA:40,2,0,1
BRDA:40,2,1,1
BRDA:113,3,0,0
BRDA:113,3,1,0
BRDA:167,4,0,0
BRDA:167,4,1,0
BRDA:214,5,0,0
BRDA:214,5,1,0
BRDA:214,6,0,0
BRDA:214,6,1,0
BRF:14
BRH:4
end_of_record
TN:
SF:src\middlewares\authMiddleware.ts
FN:9,(anonymous_0)
FNF:1
FNH:1
FNDA:28,(anonymous_0)
DA:2,5
DA:9,5
DA:10,28
DA:12,28
DA:13,3
DA:16,25
DA:18,25
DA:19,25
DA:20,25
DA:21,25
DA:22,25
DA:24,0
DA:25,0
DA:27,0
DA:28,0
LF:15
LH:11
BRDA:12,0,0,3
BRDA:12,0,1,25
BRDA:12,1,0,28
BRDA:12,1,1,25
BRDA:24,2,0,0
BRDA:24,2,1,0
BRDA:24,3,0,0
BRDA:24,3,1,0
BRF:8
BRH:4
end_of_record
TN:
SF:src\middlewares\authorizationMiddleware.ts
FN:8,(anonymous_0)
FN:9,(anonymous_1)
FNF:2
FNH:2
FNDA:65,(anonymous_0)
FNDA:25,(anonymous_1)
DA:8,5
DA:9,65
DA:11,25
DA:13,25
DA:14,0
DA:16,25
DA:17,25
LF:7
LH:6
BRDA:13,0,0,0
BRDA:13,0,1,25
BRDA:13,1,0,25
BRDA:13,1,1,25
BRF:4
BRH:3
end_of_record
TN:
SF:src\middlewares\errorHandler.ts
FN:9,(anonymous_0)
FNF:1
FNH:0
FNDA:0,(anonymous_0)
DA:2,5
DA:9,5
DA:10,0
DA:12,0
DA:13,0
DA:19,0
DA:20,0
DA:23,0
DA:24,0
DA:28,0
DA:29,0
DA:34,0
DA:35,0
DA:37,0
DA:39,0
DA:42,0
DA:46,0
DA:47,0
DA:49,0
LF:19
LH:2
BRDA:12,0,0,0
BRDA:12,0,1,0
BRDA:19,1,0,0
BRDA:19,1,1,0
BRDA:23,2,0,0
BRDA:23,2,1,0
BRDA:28,3,0,0
BRDA:28,3,1,0
BRDA:34,4,0,0
BRDA:34,4,1,0
BRDA:34,5,0,0
BRDA:34,5,1,0
BRDA:35,6,0,0
BRDA:35,6,1,0
BRDA:35,6,2,0
BRDA:46,7,0,0
BRDA:46,7,1,0
BRDA:47,8,0,0
BRDA:47,8,1,0
BRF:19
BRH:0
end_of_record
TN:
SF:src\routes\authRoutes.ts
FNF:0
FNH:0
DA:1,5
DA:2,5
DA:4,5
DA:6,5
DA:7,5
DA:9,5
LF:6
LH:6
BRF:0
BRH:0
end_of_record
TN:
SF:src\routes\inspectionRoutes.ts
FNF:0
FNH:0
DA:1,5
DA:2,5
DA:3,5
DA:4,5
DA:6,5
DA:8,5
DA:9,5
DA:10,5
DA:11,5
DA:12,5
DA:14,5
LF:11
LH:11
BRF:0
BRH:0
end_of_record
TN:
SF:src\routes\photoRoutes.ts
FNF:0
FNH:0
DA:1,5
DA:2,5
DA:3,5
DA:4,5
DA:6,5
DA:9,5
DA:10,5
DA:13,5
DA:15,5
LF:9
LH:9
BRF:0
BRH:0
end_of_record
TN:
SF:src\routes\syncRoutes.ts
FNF:0
FNH:0
DA:1,5
DA:2,5
DA:3,5
DA:4,5
DA:6,5
DA:8,5
DA:10,5
LF:7
LH:7
BRF:0
BRH:0
end_of_record
TN:
SF:src\routes\userRoutes.ts
FNF:0
FNH:0
DA:1,5
DA:2,5
DA:3,5
DA:4,5
DA:6,5
DA:8,5
DA:9,5
DA:10,5
DA:11,5
DA:12,5
DA:14,5
LF:11
LH:11
BRF:0
BRH:0
end_of_record
TN:
SF:src\services\authService.ts
FN:18,(anonymous_10)
FN:43,(anonymous_11)
FN:67,(anonymous_12)
FNF:3
FNH:3
FNDA:18,(anonymous_10)
FNDA:2,(anonymous_11)
FNDA:25,(anonymous_12)
DA:1,5
DA:2,5
DA:3,5
DA:6,5
DA:8,5
DA:19,18
DA:20,18
DA:21,1
DA:24,17
DA:25,17
DA:29,17
DA:32,17
DA:33,17
DA:44,2
DA:45,2
DA:46,1
DA:49,1
DA:50,1
DA:51,0
DA:54,1
DA:57,1
DA:58,1
DA:68,25
DA:69,25
DA:71,0
LF:25
LH:23
BRDA:6,0,0,5
BRDA:6,0,1,0
BRDA:20,1,0,1
BRDA:20,1,1,17
BRDA:26,2,0,17
BRDA:26,2,1,12
BRDA:45,3,0,1
BRDA:45,3,1,1
BRDA:45,4,0,2
BRDA:45,4,1,1
BRDA:50,5,0,0
BRDA:50,5,1,1
BRF:12
BRH:10
end_of_record
TN:
SF:src\services\inspectionService.ts
FN:9,(anonymous_1)
FN:19,(anonymous_2)
FN:28,(anonymous_3)
FN:41,(anonymous_4)
FN:53,(anonymous_5)
FNF:5
FNH:5
FNDA:13,(anonymous_1)
FNDA:1,(anonymous_2)
FNDA:1,(anonymous_3)
FNDA:1,(anonymous_4)
FNDA:1,(anonymous_5)
DA:1,5
DA:3,5
DA:10,13
DA:20,1
DA:29,1
DA:42,1
DA:55,1
DA:58,1
LF:8
LH:8
BRF:0
BRH:0
end_of_record
TN:
SF:src\services\photoService.ts
FN:10,(anonymous_1)
FN:26,(anonymous_2)
FN:37,(anonymous_3)
FNF:3
FNH:2
FNDA:4,(anonymous_1)
FNDA:1,(anonymous_2)
FNDA:0,(anonymous_3)
DA:1,5
DA:3,5
DA:11,4
DA:27,1
DA:38,0
DA:39,0
DA:40,0
DA:41,0
LF:8
LH:4
BRDA:39,0,0,0
BRDA:39,0,1,0
BRF:2
BRH:0
end_of_record
TN:
SF:src\services\syncService.ts
FN:20,(anonymous_1)
FNF:1
FNH:1
FNDA:2,(anonymous_1)
DA:1,5
DA:2,5
DA:14,5
DA:21,2
DA:22,2
DA:23,2
DA:24,2
DA:27,2
DA:28,3
DA:29,3
DA:30,3
DA:31,3
DA:32,1
DA:33,1
DA:34,2
DA:35,2
DA:36,2
DA:38,3
DA:41,3
DA:42,3
DA:44,3
DA:45,2
DA:46,2
DA:48,0
DA:51,3
DA:52,3
DA:56,3
DA:58,0
DA:61,0
DA:64,0
DA:69,2
DA:70,3
DA:71,3
DA:72,3
DA:73,3
DA:74,1
DA:75,1
DA:77,3
DA:82,3
DA:83,0
DA:85,3
DA:86,1
DA:90,1
DA:92,2
DA:95,2
DA:98,0
DA:103,2
DA:104,1
DA:105,1
DA:106,1
DA:107,1
DA:108,0
DA:109,0
DA:111,1
DA:112,0
DA:113,0
DA:114,0
DA:116,0
DA:117,0
DA:119,0
DA:123,0
DA:125,1
DA:131,1
DA:134,1
DA:137,0
DA:141,2
LF:66
LH:50
BRDA:27,0,0,2
BRDA:27,0,1,0
BRDA:31,1,0,1
BRDA:31,1,1,2
BRDA:31,2,0,3
BRDA:31,2,1,1
BRDA:34,3,0,2
BRDA:34,3,1,0
BRDA:41,4,0,3
BRDA:41,4,1,0
BRDA:44,5,0,2
BRDA:44,5,1,1
BRDA:45,6,0,2
BRDA:45,6,1,0
BRDA:51,7,0,3
BRDA:51,7,1,0
BRDA:51,8,0,3
BRDA:51,8,1,3
BRDA:69,9,0,2
BRDA:69,9,1,0
BRDA:73,10,0,1
BRDA:73,10,1,2
BRDA:73,11,0,3
BRDA:73,11,1,1
BRDA:82,12,0,0
BRDA:82,12,1,3
BRDA:85,13,0,1
BRDA:85,13,1,2
BRDA:85,14,0,3
BRDA:85,14,1,1
BRDA:103,15,0,2
BRDA:103,15,1,1
BRDA:107,16,0,0
BRDA:107,16,1,1
BRDA:107,17,0,1
BRDA:107,17,1,0
BRDA:111,18,0,0
BRDA:111,18,1,1
BRDA:111,19,0,1
BRDA:111,19,1,0
BRDA:113,20,0,0
BRDA:113,20,1,0
BRDA:116,21,0,0
BRDA:116,21,1,0
BRDA:116,22,0,0
BRDA:116,22,1,0
BRF:46
BRH:29
end_of_record
TN:
SF:src\services\userService.ts
FN:12,(anonymous_10)
FN:32,(anonymous_11)
FN:43,(anonymous_12)
FN:55,(anonymous_13)
FN:67,(anonymous_14)
FN:83,(anonymous_15)
FNF:6
FNH:1
FNDA:2,(anonymous_10)
FNDA:0,(anonymous_11)
FNDA:0,(anonymous_12)
FNDA:0,(anonymous_13)
FNDA:0,(anonymous_14)
FNDA:0,(anonymous_15)
DA:1,5
DA:2,5
DA:6,5
DA:13,2
DA:15,2
DA:16,2
DA:17,1
DA:20,1
DA:21,1
DA:23,1
DA:33,0
DA:44,0
DA:56,0
DA:68,0
DA:69,0
DA:71,0
DA:84,0
LF:17
LH:10
BRDA:16,0,0,1
BRDA:16,0,1,1
BRDA:20,1,0,1
BRDA:20,1,1,0
BRDA:68,2,0,0
BRDA:68,2,1,0
BRF:6
BRH:3
end_of_record
TN:
SF:src\utils\validationSchemas.ts
FNF:0
FNH:0
DA:1,5
DA:3,5
DA:9,5
DA:18,5
DA:25,5
DA:35,5
DA:41,5
DA:48,5
DA:56,5
LF:9
LH:9
BRF:0
BRH:0
end_of_record
